0 info it worked if it ends with ok
1 verbose cli [ 'C:\\Program Files\\nodejs\\node.exe',
1 verbose cli   'C:\\Users\\Paweł\\AppData\\Roaming\\npm\\node_modules\\npm\\bin\\npm-cli.js',
1 verbose cli   'run',
1 verbose cli   'sass' ]
2 info using npm@3.10.10
3 info using node@v10.16.0
4 verbose run-script [ 'presass', 'sass', 'postsass' ]
5 info lifecycle portfolio@1.0.0~presass: portfolio@1.0.0
6 silly lifecycle portfolio@1.0.0~presass: no script for presass, continuing
7 info lifecycle portfolio@1.0.0~sass: portfolio@1.0.0
8 verbose lifecycle portfolio@1.0.0~sass: unsafe-perm in lifecycle true
9 verbose lifecycle portfolio@1.0.0~sass: PATH: C:\Users\Paweł\AppData\Roaming\npm\node_modules\npm\bin\node-gyp-bin;C:\Users\Paweł\Desktop\portfolio\node_modules\.bin;C:\Program Files\Git\mingw64\bin;C:\Program Files\Git\usr\bin;C:\Users\Paweł\bin;C:\Program Files (x86)\Common Files\Oracle\Java\javapath;C:\ProgramData\Oracle\Java\javapath;C:\Program Files (x86)\NVIDIA Corporation\PhysX\Common;C:\Program Files\Common Files\Microsoft Shared\Windows Live;C:\Program Files (x86)\Common Files\Microsoft Shared\Windows Live;C:\Program Files (x86)\AMD APP\bin\x86_64;C:\Program Files (x86)\AMD APP\bin\x86;C:\WINDOWS\system32;C:\WINDOWS;C:\WINDOWS\System32\Wbem;C:\WINDOWS\System32\WindowsPowerShell\v1.0;C:\Program Files (x86)\ATI Technologies\ATI.ACE\Core-Static;C:\Program Files (x86)\Windows Live\Shared;C:\Program Files (x86)\GtkSharp\2.12\bin;C:\WINDOWS\System32\OpenSSH;C:\Program Files\nodejs;C:\Program Files\Git\cmd;C:\Users\Paweł\AppData\Local\Microsoft\WindowsApps;C:\Users\Paweł\AppData\Local\Programs\Microsoft VS Code\bin;C:\Users\Paweł\AppData\Roaming\npm
10 verbose lifecycle portfolio@1.0.0~sass: CWD: C:\Users\Paweł\Desktop\portfolio
11 silly lifecycle portfolio@1.0.0~sass: Args: [ '/d /s /c', 'node-sass -w scss/ -o dist/css/ --recursive' ]
12 verbose stack Error: kill ENOSYS
12 verbose stack     at process.kill (internal/process/per_thread.js:198:13)
12 verbose stack     at process.listener (C:\Users\Paweł\AppData\Roaming\npm\node_modules\npm\node_modules\npmlog\node_modules\gauge\node_modules\signal-exit\index.js:86:15)
12 verbose stack     at process.emit (events.js:203:15)
13 verbose cwd C:\Users\Paweł\Desktop\portfolio
14 error Windows_NT 10.0.17763
15 error argv "C:\\Program Files\\nodejs\\node.exe" "C:\\Users\\Paweł\\AppData\\Roaming\\npm\\node_modules\\npm\\bin\\npm-cli.js" "run" "sass"
16 error node v10.16.0
17 error npm  v3.10.10
18 error code ENOSYS
19 error errno ENOSYS
20 error syscall kill
21 error kill ENOSYS
22 error If you need help, you may report this error at:
22 error     <https://github.com/npm/npm/issues>
23 verbose exit [ 1, true ]
